<?xml version="1.0" encoding="UTF-8"?>
<!-- Generated by org.testng.reporters.JUnitReportReporter -->
<testsuite hostname="Ahmet-Mac-mini.local" failures="0" tests="4" name="billie.rest.Automation.TestRestfulBooker" time="9.721" errors="0" timestamp="2019-12-05T19:49:19 EET" skipped="0">
  <testcase classname="billie.rest.Automation.TestRestfulBooker" name="test_0002_updateBooking" time="1.698"/>
  <testcase classname="billie.rest.Automation.TestRestfulBooker" name="test_0004_deleteBooking" time="2.695"/>
  <testcase classname="billie.rest.Automation.TestRestfulBooker" name="test_0001_createBooking" time="4.539"/>
  <testcase classname="billie.rest.Automation.TestRestfulBooker" name="test_0003_getBooking" time="0.789"/>
</testsuite> <!-- billie.rest.Automation.TestRestfulBooker -->
